        -:    0:Source:AbstractCell.h
        -:    0:Graph:TestLife.gcno
        -:    0:Data:TestLife.gcda
        -:    0:Runs:1
        -:    0:Programs:1
        -:    1:#ifndef ABSTRACTCELL_H
        -:    2:#define ABSTRACTCELL_H
        -:    3:
        -:    4:#include <vector>
        -:    5:#include <stdlib.h> 
        -:    6:#include <iostream>
        -:    7:#include <string>
        -:    8:
        -:    9:class AbstractCell {
        -:   10:	public:
        -:   11:		AbstractCell();
function _ZN12AbstractCellD0Ev called 0 returned 0% blocks executed 0%
function _ZN12AbstractCellD2Ev called 88 returned 100% blocks executed 75%
       88:   12:		virtual ~AbstractCell() {};
call    0 never executed
call    1 never executed
branch  2 taken 0% (fallthrough)
branch  3 taken 100%
call    4 never executed
        -:   13:		bool isAlive();
        -:   14:		virtual void flip();
        -:   15:		virtual void step(int) = 0;
        -:   16:		virtual void print() const = 0;
        -:   17:		virtual void read(char) = 0;
        -:   18:		virtual int getCellType() const = 0;
        -:   19:		virtual AbstractCell* clone() = 0;
        -:   20:		enum CellType {
        -:   21:			CONWAY,
        -:   22:			FREDKIN
        -:   23:		};
        -:   24:	protected:
        -:   25:		bool alive;
        -:   26:		bool toFlip;
        -:   27:};
        -:   28:#endif
