        -:    0:Source:ConwayCell.h
        -:    0:Graph:TestLife.gcno
        -:    0:Data:TestLife.gcda
        -:    0:Runs:1
        -:    0:Programs:1
        -:    1:#ifndef CONWAYCELL_H
        -:    2:#define CONWAYCELL_H
        -:    3:
        -:    4:#include "AbstractCell.h"
        -:    5:
function _ZN10ConwayCellD0Ev called 44 returned 100% blocks executed 100%
function _ZN10ConwayCellD2Ev called 50 returned 100% blocks executed 75%
function _ZN10ConwayCellC2Ev called 50 returned 100% blocks executed 100%
      144:    6:class ConwayCell : public AbstractCell {
call    0 returned 100%
call    1 returned 100%
call    2 returned 100%
branch  3 taken 0% (fallthrough)
branch  4 taken 100%
call    5 never executed
call    6 returned 100%
        -:    7:	public:
        -:    8:		void step(int);
        -:    9:		void print() const;
        -:   10:		int getCellType() const;
        -:   11:		void read(char);
        -:   12:		ConwayCell* clone();
        -:   13:};
        -:   14:#endif
