        -:    0:Source:FredkinCell.h
        -:    0:Graph:TestLife.gcno
        -:    0:Data:TestLife.gcda
        -:    0:Runs:1
        -:    0:Programs:1
        -:    1:#ifndef FREDKINCELL_H
        -:    2:#define FREDKINCELL_H
        -:    3:
        -:    4:#include "AbstractCell.h"
        -:    5:
function _ZN11FredkinCellD0Ev called 31 returned 100% blocks executed 100%
function _ZN11FredkinCellD2Ev called 38 returned 100% blocks executed 75%
function _ZN11FredkinCellC2Ev called 38 returned 100% blocks executed 100%
      107:    6:class FredkinCell : public AbstractCell {
call    0 returned 100%
call    1 returned 100%
call    2 returned 100%
branch  3 taken 0% (fallthrough)
branch  4 taken 100%
call    5 never executed
call    6 returned 100%
        -:    7:	public:
        -:    8:		bool needsTransform();
        -:    9:		void step(int);
        -:   10:		void print() const;
        -:   11:		int getCellType() const;
        -:   12:		void flip();
        -:   13:		void read(char);
        -:   14:		FredkinCell* clone();
        -:   15:	private:
        -:   16:		int age;
        -:   17:};
        -:   18:#endif
